C:\Users\a875026\source\repos\Practica Unit Test c# 1\src\Calculator.cs
Add 6
Add -1
Sub 4
Sub -1
Mul 4
Mul -1
Div 5
Div -1

C:\Users\a875026\source\repos\Practica Unit Test c# 1\src\ICalculator.cs
Add 4
Add -1
Sub 3
Sub -1
Mul 3
Mul -1
Div 4
Div -1

C:\Users\a875026\source\repos\Practica Unit Test c# 1\src\Program.cs

C:\Users\a875026\source\repos\Practica Unit Test c# 1\src\Series.cs
Factorial 5
Factorial -1
Fibonacci 5
Fibonacci -1

C:\Users\a875026\source\repos\Practica Unit Test c# 1\src\obj\Debug\net6.0\Calculators.GlobalUsings.g.cs

C:\Users\a875026\source\repos\Practica Unit Test c# 1\src\obj\Debug\net6.0\.NETCoreApp,Version=v6.0.AssemblyAttributes.cs

C:\Users\a875026\source\repos\Practica Unit Test c# 1\src\obj\Debug\net6.0\Calculators.AssemblyInfo.cs

