C:\Users\a875026\source\repos\Practica Unit Test c# 1\src\Calculator.cs
Add 60
Add -1
Sub 7
Sub -1
Mul 8
Mul -1
Div 12
Div -1

C:\Users\a875026\source\repos\Practica Unit Test c# 1\src\ICalculator.cs
Add 6
Add -1
Sub 7
Sub -1
Mul 6
Mul -1
Div 7
Div -1

C:\Users\a875026\source\repos\Practica Unit Test c# 1\src\Program.cs

C:\Users\a875026\source\repos\Practica Unit Test c# 1\src\Series.cs
Factorial 20
Factorial -1
Fibonacci 8
Fibonacci -1

C:\Users\a875026\source\repos\Practica Unit Test c# 1\src\obj\Debug\net6.0\Calculators.GlobalUsings.g.cs

C:\Users\a875026\source\repos\Practica Unit Test c# 1\src\obj\Debug\net6.0\.NETCoreApp,Version=v6.0.AssemblyAttributes.cs

C:\Users\a875026\source\repos\Practica Unit Test c# 1\src\obj\Debug\net6.0\Calculators.AssemblyInfo.cs

