#
# There is insufficient memory for the Java Runtime Environment to continue.
# Native memory allocation (malloc) failed to allocate 314576 bytes for Chunk::new
# Possible reasons:
#   The system is out of physical RAM or swap space
#   The process is running with CompressedOops enabled, and the Java Heap may be blocking the growth of the native heap
# Possible solutions:
#   Reduce memory load on the system
#   Increase physical memory or swap space
#   Check if swap backing store is full
#   Decrease Java heap size (-Xmx/-Xms)
#   Decrease number of Java threads
#   Decrease Java thread stack sizes (-Xss)
#   Set larger code cache with -XX:ReservedCodeCacheSize=
#   JVM is running with Zero Based Compressed Oops mode in which the Java heap is
#     placed in the first 32GB address space. The Java Heap base address is the
#     maximum limit for the native heap growth. Please use -XX:HeapBaseMinAddress
#     to set the Java Heap base and to place the Java Heap above 32GB virtual address.
# This output file may be truncated or incomplete.
#
#  Out of Memory Error (allocation.cpp:389), pid=35712, tid=0x00000000000087ac
#
# JRE version: Java(TM) SE Runtime Environment (8.0_341-b10) (build 1.8.0_341-b10)
# Java VM: Java HotSpot(TM) 64-Bit Server VM (25.341-b10 mixed mode windows-amd64 compressed oops)
# Failed to write core dump. Minidumps are not enabled by default on client versions of Windows
#

---------------  T H R E A D  ---------------

Current thread (0x00000271ac02c800):  JavaThread "C2 CompilerThread0" daemon [_thread_in_native, id=34732, stack(0x000000a273e00000,0x000000a273f00000)]

Stack: [0x000000a273e00000,0x000000a273f00000]
Native frames: (J=compiled Java code, j=interpreted, Vv=VM code, C=native code)
V  [jvm.dll+0x32fa99]


Current CompileTask:
C2:  24585 3767       4       net.sf.cglib.asm.$Frame::a (2252 bytes)


---------------  P R O C E S S  ---------------

Java Threads: ( => current thread )
  0x00000271ae1bf800 JavaThread "JGit-WorkQueue" daemon [_thread_blocked, id=14892, stack(0x000000a274a00000,0x000000a274b00000)]
  0x00000271af3e9000 JavaThread "Okio Watchdog" daemon [_thread_blocked, id=14724, stack(0x000000a274800000,0x000000a274900000)]
  0x00000271af350800 JavaThread "OkHttp ConnectionPool" daemon [_thread_blocked, id=17876, stack(0x000000a274700000,0x000000a274800000)]
  0x00000271ae483000 JavaThread "Okio Watchdog" daemon [_thread_blocked, id=37348, stack(0x000000a274600000,0x000000a274700000)]
  0x00000271ae6f8000 JavaThread "OkHttp ConnectionPool" daemon [_thread_blocked, id=15972, stack(0x000000a274500000,0x000000a274600000)]
  0x00000271ac0a8800 JavaThread "Service Thread" daemon [_thread_blocked, id=33052, stack(0x000000a274200000,0x000000a274300000)]
  0x00000271ac05b000 JavaThread "C1 CompilerThread3" daemon [_thread_blocked, id=38268, stack(0x000000a274100000,0x000000a274200000)]
  0x00000271ac039000 JavaThread "C2 CompilerThread2" daemon [_thread_in_native, id=10452, stack(0x000000a274000000,0x000000a274100000)]
  0x00000271ac035800 JavaThread "C2 CompilerThread1" daemon [_thread_blocked, id=36416, stack(0x000000a273f00000,0x000000a274000000)]
=>0x00000271ac02c800 JavaThread "C2 CompilerThread0" daemon [_thread_in_native, id=34732, stack(0x000000a273e00000,0x000000a273f00000)]
  0x00000271ac029000 JavaThread "Attach Listener" daemon [_thread_blocked, id=12012, stack(0x000000a273d00000,0x000000a273e00000)]
  0x00000271ac027800 JavaThread "Signal Dispatcher" daemon [_thread_blocked, id=28228, stack(0x000000a273c00000,0x000000a273d00000)]
  0x00000271ac00c800 JavaThread "Finalizer" daemon [_thread_blocked, id=3792, stack(0x000000a273b00000,0x000000a273c00000)]
  0x00000271abfe4800 JavaThread "Reference Handler" daemon [_thread_blocked, id=25700, stack(0x000000a273a00000,0x000000a273b00000)]
  0x00000271915cd800 JavaThread "main" [_thread_blocked, id=16276, stack(0x000000a273000000,0x000000a273100000)]

Other Threads:
  0x00000271abfda800 VMThread [stack: 0x000000a273900000,0x000000a273a00000] [id=4176]
  0x00000271ac0ad000 WatcherThread [stack: 0x000000a274300000,0x000000a274400000] [id=18528]

VM state:at safepoint (normal execution)

VM Mutex/Monitor currently owned by a thread:  ([mutex/lock_event])
[0x00000271915ca260] Threads_lock - owner thread: 0x00000271abfda800
[0x00000271915cacf0] Heap_lock - owner thread: 0x00000271ac05b000
[0x00000271915ca5f0] MethodData_lock - owner thread: 0x00000271ac05b000

heap address: 0x00000006c5600000, size: 4010 MB, Compressed Oops mode: Zero based, Oop shift amount: 3
Narrow klass base: 0x0000000000000000, Narrow klass shift: 3
Compressed class space size: 1073741824 Address: 0x00000007c0000000

Heap:
 PSYoungGen      total 73216K, used 60590K [0x000000076c780000, 0x0000000775200000, 0x00000007c0000000)
  eden space 62464K, 97% used [0x000000076c780000,0x00000007702abb20,0x0000000770480000)
  from space 10752K, 0% used [0x0000000770f80000,0x0000000770f80000,0x0000000771a00000)
  to   space 11264K, 54% used [0x0000000770480000,0x0000000770a8c508,0x0000000770f80000)
 ParOldGen       total 79872K, used 16801K [0x00000006c5600000, 0x00000006ca400000, 0x000000076c780000)
  object space 79872K, 21% used [0x00000006c5600000,0x00000006c6668658,0x00000006ca400000)
 Metaspace       used 38285K, capacity 39856K, committed 39976K, reserved 1087488K
  class space    used 4865K, capacity 5402K, committed 5416K, reserved 1048576K

Card table byte_map: [0x00000271a2310000,0x00000271a2af0000] byte_map_base: 0x000002719ece5000

Marking Bits: (ParMarkBitMap*) 0x000000006c129030
 Begin Bits: [0x00000271a3030000, 0x00000271a6ed8000)
 End Bits:   [0x00000271a6ed8000, 0x00000271aad80000)

Polling page: 0x0000027192f20000

CodeCache: size=245760Kb used=12076Kb max_used=12076Kb free=233683Kb
 bounds [0x0000027192f50000, 0x0000027193b30000, 0x00000271a1f50000]
 total_blobs=4059 nmethods=3613 adapters=358
 compilation: enabled

Compilation events (10 events):
Event: 24.567 Thread 0x00000271ac05b000 nmethod 3851 0x0000027193b20ed0 code [0x0000027193b210a0, 0x0000027193b21700]
Event: 24.567 Thread 0x00000271ac05b000 3852       3       com.sonar.sslr.impl.typed.GrammarBuilderInterceptor::addAction (75 bytes)
Event: 24.568 Thread 0x00000271ac05b000 nmethod 3852 0x0000027193b21ad0 code [0x0000027193b21d80, 0x0000027193b230e0]
Event: 24.569 Thread 0x00000271ac05b000 3853       3       com.sonar.sslr.impl.typed.DelayedRuleInvocationExpression::toString (41 bytes)
Event: 24.569 Thread 0x00000271ac05b000 nmethod 3853 0x0000027193b23bd0 code [0x0000027193b23da0, 0x0000027193b24680]
Event: 24.573 Thread 0x00000271ac05b000 3854   !   3       net.sf.cglib.proxy.MethodProxy::init (112 bytes)
Event: 24.574 Thread 0x00000271ac05b000 nmethod 3854 0x0000027193b24990 code [0x0000027193b24b40, 0x0000027193b252e0]
Event: 24.574 Thread 0x00000271ac05b000 3855   !   3       com.sonar.sslr.impl.typed.ReflectionUtils::invokeMethod (17 bytes)
Event: 24.574 Thread 0x00000271ac05b000 nmethod 3855 0x0000027193b25710 code [0x0000027193b25880, 0x0000027193b25b40]
Event: 24.574 Thread 0x00000271ac05b000 3856   !   3       org.sonar.javascript.parser.JavaScriptGrammar$$EnhancerByCGLIB$$d3ab0b85$$FastClassByCGLIB$$af15ebee::invoke (3676 bytes)

GC Heap History (10 events):
Event: 19.155 GC heap after
Heap after GC invocations=4 (full 0):
 PSYoungGen      total 75264K, used 8048K [0x000000076c780000, 0x0000000775a80000, 0x00000007c0000000)
  eden space 64512K, 0% used [0x000000076c780000,0x000000076c780000,0x0000000770680000)
  from space 10752K, 74% used [0x0000000771100000,0x00000007718dc378,0x0000000771b80000)
  to   space 10752K, 0% used [0x0000000770680000,0x0000000770680000,0x0000000771100000)
 ParOldGen       total 172032K, used 722K [0x00000006c5600000, 0x00000006cfe00000, 0x000000076c780000)
  object space 172032K, 0% used [0x00000006c5600000,0x00000006c56b4a00,0x00000006cfe00000)
 Metaspace       used 20043K, capacity 21208K, committed 21296K, reserved 1067008K
  class space    used 2413K, capacity 2818K, committed 2864K, reserved 1048576K
}
Event: 19.155 GC heap before
{Heap before GC invocations=5 (full 1):
 PSYoungGen      total 75264K, used 8048K [0x000000076c780000, 0x0000000775a80000, 0x00000007c0000000)
  eden space 64512K, 0% used [0x000000076c780000,0x000000076c780000,0x0000000770680000)
  from space 10752K, 74% used [0x0000000771100000,0x00000007718dc378,0x0000000771b80000)
  to   space 10752K, 0% used [0x0000000770680000,0x0000000770680000,0x0000000771100000)
 ParOldGen       total 172032K, used 722K [0x00000006c5600000, 0x00000006cfe00000, 0x000000076c780000)
  object space 172032K, 0% used [0x00000006c5600000,0x00000006c56b4a00,0x00000006cfe00000)
 Metaspace       used 20043K, capacity 21208K, committed 21296K, reserved 1067008K
  class space    used 2413K, capacity 2818K, committed 2864K, reserved 1048576K
Event: 19.177 GC heap after
Heap after GC invocations=5 (full 1):
 PSYoungGen      total 75264K, used 0K [0x000000076c780000, 0x0000000775a80000, 0x00000007c0000000)
  eden space 64512K, 0% used [0x000000076c780000,0x000000076c780000,0x0000000770680000)
  from space 10752K, 0% used [0x0000000771100000,0x0000000771100000,0x0000000771b80000)
  to   space 10752K, 0% used [0x0000000770680000,0x0000000770680000,0x0000000771100000)
 ParOldGen       total 79872K, used 8441K [0x00000006c5600000, 0x00000006ca400000, 0x000000076c780000)
  object space 79872K, 10% used [0x00000006c5600000,0x00000006c5e3e648,0x00000006ca400000)
 Metaspace       used 20043K, capacity 21208K, committed 21296K, reserved 1067008K
  class space    used 2413K, capacity 2818K, committed 2864K, reserved 1048576K
}
Event: 23.293 GC heap before
{Heap before GC invocations=6 (full 1):
 PSYoungGen      total 75264K, used 64512K [0x000000076c780000, 0x0000000775a80000, 0x00000007c0000000)
  eden space 64512K, 100% used [0x000000076c780000,0x0000000770680000,0x0000000770680000)
  from space 10752K, 0% used [0x0000000771100000,0x0000000771100000,0x0000000771b80000)
  to   space 10752K, 0% used [0x0000000770680000,0x0000000770680000,0x0000000771100000)
 ParOldGen       total 79872K, used 8441K [0x00000006c5600000, 0x00000006ca400000, 0x000000076c780000)
  object space 79872K, 10% used [0x00000006c5600000,0x00000006c5e3e648,0x00000006ca400000)
 Metaspace       used 28641K, capacity 30126K, committed 30384K, reserved 1075200K
  class space    used 3401K, capacity 3895K, committed 4016K, reserved 1048576K
Event: 23.299 GC heap after
Heap after GC invocations=6 (full 1):
 PSYoungGen      total 72192K, used 9060K [0x000000076c780000, 0x0000000771a00000, 0x00000007c0000000)
  eden space 62976K, 0% used [0x000000076c780000,0x000000076c780000,0x0000000770500000)
  from space 9216K, 98% used [0x0000000770680000,0x0000000770f59140,0x0000000770f80000)
  to   space 10752K, 0% used [0x0000000770f80000,0x0000000770f80000,0x0000000771a00000)
 ParOldGen       total 79872K, used 8449K [0x00000006c5600000, 0x00000006ca400000, 0x000000076c780000)
  object space 79872K, 10% used [0x00000006c5600000,0x00000006c5e40648,0x00000006ca400000)
 Metaspace       used 28641K, capacity 30126K, committed 30384K, reserved 1075200K
  class space    used 3401K, capacity 3895K, committed 4016K, reserved 1048576K
}
Event: 23.922 GC heap before
{Heap before GC invocations=7 (full 1):
 PSYoungGen      total 72192K, used 54350K [0x000000076c780000, 0x0000000771a00000, 0x00000007c0000000)
  eden space 62976K, 71% used [0x000000076c780000,0x000000076f3ba6e0,0x0000000770500000)
  from space 9216K, 98% used [0x0000000770680000,0x0000000770f59140,0x0000000770f80000)
  to   space 10752K, 0% used [0x0000000770f80000,0x0000000770f80000,0x0000000771a00000)
 ParOldGen       total 79872K, used 8449K [0x00000006c5600000, 0x00000006ca400000, 0x000000076c780000)
  object space 79872K, 10% used [0x00000006c5600000,0x00000006c5e40648,0x00000006ca400000)
 Metaspace       used 33815K, capacity 35382K, committed 35496K, reserved 1079296K
  class space    used 4176K, capacity 4687K, committed 4776K, reserved 1048576K
Event: 23.929 GC heap after
Heap after GC invocations=7 (full 1):
 PSYoungGen      total 73216K, used 9908K [0x000000076c780000, 0x0000000775200000, 0x00000007c0000000)
  eden space 62464K, 0% used [0x000000076c780000,0x000000076c780000,0x0000000770480000)
  from space 10752K, 92% used [0x0000000770f80000,0x000000077192d030,0x0000000771a00000)
  to   space 11264K, 0% used [0x0000000770480000,0x0000000770480000,0x0000000770f80000)
 ParOldGen       total 79872K, used 8457K [0x00000006c5600000, 0x00000006ca400000, 0x000000076c780000)
  object space 79872K, 10% used [0x00000006c5600000,0x00000006c5e42648,0x00000006ca400000)
 Metaspace       used 33815K, capacity 35382K, committed 35496K, reserved 1079296K
  class space    used 4176K, capacity 4687K, committed 4776K, reserved 1048576K
}
Event: 23.929 GC heap before
{Heap before GC invocations=8 (full 2):
 PSYoungGen      total 73216K, used 9908K [0x000000076c780000, 0x0000000775200000, 0x00000007c0000000)
  eden space 62464K, 0% used [0x000000076c780000,0x000000076c780000,0x0000000770480000)
  from space 10752K, 92% used [0x0000000770f80000,0x000000077192d030,0x0000000771a00000)
  to   space 11264K, 0% used [0x0000000770480000,0x0000000770480000,0x0000000770f80000)
 ParOldGen       total 79872K, used 8457K [0x00000006c5600000, 0x00000006ca400000, 0x000000076c780000)
  object space 79872K, 10% used [0x00000006c5600000,0x00000006c5e42648,0x00000006ca400000)
 Metaspace       used 33815K, capacity 35382K, committed 35496K, reserved 1079296K
  class space    used 4176K, capacity 4687K, committed 4776K, reserved 1048576K
Event: 23.970 GC heap after
Heap after GC invocations=8 (full 2):
 PSYoungGen      total 73216K, used 0K [0x000000076c780000, 0x0000000775200000, 0x00000007c0000000)
  eden space 62464K, 0% used [0x000000076c780000,0x000000076c780000,0x0000000770480000)
  from space 10752K, 0% used [0x0000000770f80000,0x0000000770f80000,0x0000000771a00000)
  to   space 11264K, 0% used [0x0000000770480000,0x0000000770480000,0x0000000770f80000)
 ParOldGen       total 79872K, used 16793K [0x00000006c5600000, 0x00000006ca400000, 0x000000076c780000)
  object space 79872K, 21% used [0x00000006c5600000,0x00000006c6666658,0x00000006ca400000)
 Metaspace       used 33815K, capacity 35382K, committed 35496K, reserved 1079296K
  class space    used 4176K, capacity 4687K, committed 4776K, reserved 1048576K
}
Event: 24.576 GC heap before
{Heap before GC invocations=9 (full 2):
 PSYoungGen      total 73216K, used 60590K [0x000000076c780000, 0x0000000775200000, 0x00000007c0000000)
  eden space 62464K, 97% used [0x000000076c780000,0x00000007702abb20,0x0000000770480000)
  from space 10752K, 0% used [0x0000000770f80000,0x0000000770f80000,0x0000000771a00000)
  to   space 11264K, 0% used [0x0000000770480000,0x0000000770480000,0x0000000770f80000)
 ParOldGen       total 79872K, used 16793K [0x00000006c5600000, 0x00000006ca400000, 0x000000076c780000)
  object space 79872K, 21% used [0x00000006c5600000,0x00000006c6666658,0x00000006ca400000)
 Metaspace       used 38285K, capacity 39856K, committed 39976K, reserved 1087488K
  class space    used 4865K, capacity 5402K, committed 5416K, reserved 1048576K

Deoptimization events (10 events):
Event: 24.475 Thread 0x00000271915cd800 Uncommon trap: reason=unstable_if action=reinterpret pc=0x0000027193a67a7c method=net.sf.cglib.asm.$Item.a(Lnet/sf/cglib/asm/$Item;)Z @ 317
Event: 24.482 Thread 0x00000271915cd800 Uncommon trap: reason=unstable_if action=reinterpret pc=0x0000027193ab17e0 method=net.sf.cglib.asm.$Frame.a(IILnet/sf/cglib/asm/$ClassWriter;Lnet/sf/cglib/asm/$Item;)V @ 2207
Event: 24.506 Thread 0x00000271915cd800 Uncommon trap: reason=class_check action=maybe_recompile pc=0x00000271932bf18c method=java.util.HashMap.putVal(ILjava/lang/Object;Ljava/lang/Object;ZZ)Ljava/lang/Object; @ 203
Event: 24.506 Thread 0x00000271915cd800 Uncommon trap: reason=class_check action=maybe_recompile pc=0x00000271932bf18c method=java.util.HashMap.putVal(ILjava/lang/Object;Ljava/lang/Object;ZZ)Ljava/lang/Object; @ 203
Event: 24.506 Thread 0x00000271915cd800 Uncommon trap: reason=bimorphic action=maybe_recompile pc=0x00000271935a7d9c method=java.util.HashMap.putVal(ILjava/lang/Object;Ljava/lang/Object;ZZ)Ljava/lang/Object; @ 203
Event: 24.506 Thread 0x00000271915cd800 Uncommon trap: reason=bimorphic action=maybe_recompile pc=0x00000271935a7d9c method=java.util.HashMap.putVal(ILjava/lang/Object;Ljava/lang/Object;ZZ)Ljava/lang/Object; @ 203
Event: 24.506 Thread 0x00000271915cd800 Uncommon trap: reason=bimorphic action=maybe_recompile pc=0x00000271935a7d9c method=java.util.HashMap.putVal(ILjava/lang/Object;Ljava/lang/Object;ZZ)Ljava/lang/Object; @ 203
Event: 24.506 Thread 0x00000271915cd800 Uncommon trap: reason=bimorphic action=maybe_recompile pc=0x00000271935a7d9c method=java.util.HashMap.putVal(ILjava/lang/Object;Ljava/lang/Object;ZZ)Ljava/lang/Object; @ 203
Event: 24.506 Thread 0x00000271915cd800 Uncommon trap: reason=unstable_if action=reinterpret pc=0x0000027193a98f64 method=net.sf.cglib.asm.$Type.a(Ljava/lang/StringBuffer;Ljava/lang/Class;)V @ 127
Event: 24.521 Thread 0x00000271915cd800 Uncommon trap: reason=unstable_if action=reinterpret pc=0x0000027193aea160 method=net.sf.cglib.asm.$Frame.a(Lnet/sf/cglib/asm/$ClassWriter;Lnet/sf/cglib/asm/$Frame;I)Z @ 237

Classes redefined (0 events):
No events

Internal exceptions (10 events):
Event: 19.768 Thread 0x00000271915cd800 Exception <a 'java/lang/NoSuchMethodError': java.lang.Object.lambda$static$0(Lokhttp3/Route;Lokhttp3/Response;)Lokhttp3/Request;> (0x000000076e0cb6b8) thrown at [C:\jenkins\workspace\8-2-build-windows-x64-cygwin\jdk8u341\2692\hotspot\src\share\vm\interpre
Event: 19.773 Thread 0x00000271915cd800 Exception <a 'java/lang/NoSuchMethodError': java.lang.Object.lambda$static$0(Ljava/lang/String;)Ljava/util/List;> (0x000000076e0ec110) thrown at [C:\jenkins\workspace\8-2-build-windows-x64-cygwin\jdk8u341\2692\hotspot\src\share\vm\interpreter\linkResolver
Event: 22.027 Thread 0x00000271915cd800 Exception <a 'java/lang/NoSuchMethodError': java.lang.Object.lambda$comparing$77a9974f$1(Ljava/util/function/Function;Ljava/lang/Object;Ljava/lang/Object;)I> (0x000000076f0eccd0) thrown at [C:\jenkins\workspace\8-2-build-windows-x64-cygwin\jdk8u341\2692\h
Event: 22.112 Thread 0x00000271915cd800 Exception <a 'java/lang/ArrayIndexOutOfBoundsException': 315> (0x000000076f461db0) thrown at [C:\jenkins\workspace\8-2-build-windows-x64-cygwin\jdk8u341\2692\hotspot\src\share\vm\interpreter\interpreterRuntime.cpp, line 371]
Event: 22.853 Thread 0x00000271915cd800 Exception <a 'java/lang/ArrayIndexOutOfBoundsException'> (0x000000076f4ad968) thrown at [C:\jenkins\workspace\8-2-build-windows-x64-cygwin\jdk8u341\2692\hotspot\src\share\vm\runtime\sharedRuntime.cpp, line 609]
Event: 22.854 Thread 0x00000271915cd800 Exception <a 'java/lang/ArrayIndexOutOfBoundsException'> (0x000000076f4b0018) thrown at [C:\jenkins\workspace\8-2-build-windows-x64-cygwin\jdk8u341\2692\hotspot\src\share\vm\runtime\sharedRuntime.cpp, line 609]
Event: 22.856 Thread 0x00000271915cd800 Exception <a 'java/lang/ArrayIndexOutOfBoundsException'> (0x000000076f4b2e20) thrown at [C:\jenkins\workspace\8-2-build-windows-x64-cygwin\jdk8u341\2692\hotspot\src\share\vm\runtime\sharedRuntime.cpp, line 609]
Event: 23.194 Thread 0x00000271ae1c3800 Exception <a 'java/lang/InterruptedException': sleep interrupted> (0x0000000770054bf0) thrown at [C:\jenkins\workspace\8-2-build-windows-x64-cygwin\jdk8u341\2692\hotspot\src\share\vm\prims\jvm.cpp, line 3369]
Event: 23.194 Thread 0x00000271ae1c3800 Implicit null exception at 0x0000027193306acf to 0x0000027193306ba5
Event: 23.732 Thread 0x00000271915cd800 Exception <a 'java/lang/IncompatibleClassChangeError': Found class java.lang.Object, but interface was expected> (0x000000076e7b1918) thrown at [C:\jenkins\workspace\8-2-build-windows-x64-cygwin\jdk8u341\2692\hotspot\src\share\vm\interpreter\linkResolver.

Events (10 events):
Event: 24.557 loading class org/sonar/sslr/internal/vm/CompilationHandler done
Event: 24.558 loading class sun/reflect/UnsafeQualifiedObjectFieldAccessorImpl
Event: 24.558 loading class sun/reflect/UnsafeQualifiedFieldAccessorImpl
Event: 24.559 loading class sun/reflect/UnsafeQualifiedFieldAccessorImpl done
Event: 24.559 loading class sun/reflect/UnsafeQualifiedObjectFieldAccessorImpl done
Event: 24.559 loading class org/sonar/sslr/internal/vm/RuleRefExpression
Event: 24.559 loading class org/sonar/sslr/internal/vm/RuleRefExpression done
Event: 24.564 loading class org/sonar/sslr/internal/vm/CompiledGrammar
Event: 24.564 loading class org/sonar/sslr/internal/vm/CompiledGrammar done
Event: 24.576 Executing VM operation: CollectForMetadataAllocation


Dynamic libraries:
0x00007ff6f4720000 - 0x00007ff6f4767000 	C:\Program Files (x86)\Common Files\Oracle\Java\javapath\java.exe
0x00007ffedd210000 - 0x00007ffedd408000 	C:\Windows\SYSTEM32\ntdll.dll
0x00007ffedbd30000 - 0x00007ffedbded000 	C:\Windows\System32\KERNEL32.DLL
0x00007ffedaa80000 - 0x00007ffedad4e000 	C:\Windows\System32\KERNELBASE.dll
0x00007ffe9c180000 - 0x00007ffe9c1c4000 	C:\ProgramData\FastTrack Software\Admin By Request\ShellHelper64.dll
0x00007ffedb270000 - 0x00007ffedb2c5000 	C:\Windows\System32\SHLWAPI.dll
0x00007ffedb2d0000 - 0x00007ffedb36e000 	C:\Windows\System32\msvcrt.dll
0x00007ffedb400000 - 0x00007ffedb5a0000 	C:\Windows\System32\USER32.dll
0x00007ffeda9d0000 - 0x00007ffeda9f2000 	C:\Windows\System32\win32u.dll
0x00007ffedbb10000 - 0x00007ffedbb3a000 	C:\Windows\System32\GDI32.dll
0x00007ffedafd0000 - 0x00007ffedb0db000 	C:\Windows\System32\gdi32full.dll
0x00007ffeda930000 - 0x00007ffeda9cd000 	C:\Windows\System32\msvcp_win.dll
0x00007ffedb0e0000 - 0x00007ffedb1e0000 	C:\Windows\System32\ucrtbase.dll
0x00007ffedc340000 - 0x00007ffedc3ee000 	C:\Windows\System32\ADVAPI32.dll
0x00007ffedd080000 - 0x00007ffedd11c000 	C:\Windows\System32\sechost.dll
0x00007ffedcd50000 - 0x00007ffedce75000 	C:\Windows\System32\RPCRT4.dll
0x00007ffedc3f0000 - 0x00007ffedcb34000 	C:\Windows\System32\SHELL32.dll
0x00007ffece890000 - 0x00007ffeceb2a000 	C:\Windows\WinSxS\amd64_microsoft.windows.common-controls_6595b64144ccf1df_6.0.19041.1110_none_60b5254171f9507e\COMCTL32.dll
0x00007ffedb5a0000 - 0x00007ffedb5d0000 	C:\Windows\System32\IMM32.DLL
0x00007ffeaba10000 - 0x00007ffeaba25000 	C:\Program Files\Java\jre1.8.0_341\bin\vcruntime140.dll
0x00007ffe78ba0000 - 0x00007ffe78c3b000 	C:\Program Files\Java\jre1.8.0_341\bin\msvcp140.dll
0x000000006b940000 - 0x000000006c1a1000 	C:\Program Files\Java\jre1.8.0_341\bin\server\jvm.dll
0x00007ffed0880000 - 0x00007ffed088a000 	C:\Windows\SYSTEM32\VERSION.dll
0x00007ffeb6560000 - 0x00007ffeb6569000 	C:\Windows\SYSTEM32\WSOCK32.dll
0x00007ffec8c90000 - 0x00007ffec8cb7000 	C:\Windows\SYSTEM32\WINMM.dll
0x00007ffedbc40000 - 0x00007ffedbcab000 	C:\Windows\System32\WS2_32.dll
0x00007ffedbd20000 - 0x00007ffedbd28000 	C:\Windows\System32\PSAPI.DLL
0x00007ffed9070000 - 0x00007ffed9082000 	C:\Windows\SYSTEM32\kernel.appcore.dll
0x00007ffed16b0000 - 0x00007ffed16c0000 	C:\Program Files\Java\jre1.8.0_341\bin\verify.dll
0x00007ffe8bc30000 - 0x00007ffe8bc5b000 	C:\Program Files\Java\jre1.8.0_341\bin\java.dll
0x00007ffea9eb0000 - 0x00007ffea9ec8000 	C:\Program Files\Java\jre1.8.0_341\bin\zip.dll
0x00007ffed88c0000 - 0x00007ffed9054000 	C:\Windows\SYSTEM32\windows.storage.dll
0x00007ffedb6f0000 - 0x00007ffedba44000 	C:\Windows\System32\combase.dll
0x00007ffeda2b0000 - 0x00007ffeda2e0000 	C:\Windows\SYSTEM32\Wldp.dll
0x00007ffedba50000 - 0x00007ffedbafd000 	C:\Windows\System32\SHCORE.dll
0x00007ffeda870000 - 0x00007ffeda88f000 	C:\Windows\SYSTEM32\profapi.dll
0x00007ffea5a20000 - 0x00007ffea5a3c000 	C:\Program Files\Java\jre1.8.0_341\bin\net.dll
0x00007ffeda090000 - 0x00007ffeda0fa000 	C:\Windows\system32\mswsock.dll
0x00007ffe8f6e0000 - 0x00007ffe8f6f3000 	C:\Program Files\Java\jre1.8.0_341\bin\nio.dll
0x00007ffe8bc00000 - 0x00007ffe8bc24000 	C:\Program Files\Java\jre1.8.0_341\bin\sunec.dll
0x00007ffed9d50000 - 0x00007ffed9d8b000 	C:\Windows\SYSTEM32\IPHLPAPI.DLL
0x00007ffedbb00000 - 0x00007ffedbb08000 	C:\Windows\System32\NSI.dll
0x00007ffed1620000 - 0x00007ffed1637000 	C:\Windows\SYSTEM32\dhcpcsvc6.DLL
0x00007ffed1570000 - 0x00007ffed158d000 	C:\Windows\SYSTEM32\dhcpcsvc.DLL
0x00007ffedb1e0000 - 0x00007ffedb262000 	C:\Windows\System32\bcryptPrimitives.dll
0x00007ffed9d90000 - 0x00007ffed9e5a000 	C:\Windows\SYSTEM32\DNSAPI.dll
0x00007ffeda2f0000 - 0x00007ffeda308000 	C:\Windows\SYSTEM32\CRYPTSP.dll
0x00007ffed98b0000 - 0x00007ffed98e4000 	C:\Windows\system32\rsaenh.dll
0x00007ffedaa50000 - 0x00007ffedaa77000 	C:\Windows\System32\bcrypt.dll
0x00007ffeda830000 - 0x00007ffeda85e000 	C:\Windows\SYSTEM32\USERENV.dll
0x00007ffeda220000 - 0x00007ffeda22c000 	C:\Windows\SYSTEM32\CRYPTBASE.dll
0x00007ffecdb90000 - 0x00007ffecdb9d000 	C:\Program Files\Java\jre1.8.0_341\bin\sunmscapi.dll
0x00007ffedadc0000 - 0x00007ffedaf16000 	C:\Windows\System32\CRYPT32.dll
0x00007ffeda400000 - 0x00007ffeda427000 	C:\Windows\SYSTEM32\ncrypt.dll
0x00007ffeda3c0000 - 0x00007ffeda3fb000 	C:\Windows\SYSTEM32\NTASN1.dll
0x00007ffed0890000 - 0x00007ffed089a000 	C:\Windows\System32\rasadhlp.dll
0x00007ffecf060000 - 0x00007ffecf0e0000 	C:\Windows\System32\fwpuclnt.dll

VM Arguments:
jvm_args: -Djava.awt.headless=true -Dscanner.home=C:\Users\a875026\.dotnet\tools\.store\dotnet-sonarscanner\5.7.2\dotnet-sonarscanner\5.7.2\tools\net5.0\any\sonar-scanner-4.7.0.2747\bin\.. -Dproject.home=C:\Users\a875026\source\repos\Practica Unit Test c# 1\src 
java_command: org.sonarsource.scanner.cli.Main -Dsonar.login=730d0045ddda3c8cdbbeb6304a127b9bf4b9d4cb -Dsonar.scanAllFiles=true -Dproject.settings=C:\Users\a875026\source\repos\Practica Unit Test c# 1\src\.sonarqube\out\sonar-project.properties --from=ScannerMSBuild/5.7.2
java_class_path (initial): C:\Users\a875026\.dotnet\tools\.store\dotnet-sonarscanner\5.7.2\dotnet-sonarscanner\5.7.2\tools\net5.0\any\sonar-scanner-4.7.0.2747\bin\..\lib\sonar-scanner-cli-4.7.0.2747.jar
Launcher Type: SUN_STANDARD

Environment Variables:
PATH=C:\Program Files (x86)\Common Files\Oracle\Java\javapath;C:\Windows\system32;C:\Windows;C:\Windows\System32\Wbem;C:\Windows\System32\WindowsPowerShell\v1.0\;C:\Windows\System32\OpenSSH\;C:\Program Files (x86)\Common Files\Pulse Secure\VC142.CRT\X64\;C:\Program Files (x86)\Common Files\Pulse Secure\VC142.CRT\X86\;C:\Program Files\Docker\Docker\resources\bin;C:\ProgramData\DockerDesktop\version-bin;C:\Program Files\Microsoft SQL Server\Client SDK\ODBC\170\Tools\Binn\;C:\Program Files (x86)\Microsoft SQL Server\150\Tools\Binn\;C:\Program Files\Microsoft SQL Server\150\Tools\Binn\;C:\Program Files\Microsoft SQL Server\150\DTS\Binn\;C:\Program Files (x86)\Microsoft SQL Server\150\DTS\Binn\;C:\Program Files\Azure Data Studio\bin;C:\Program Files\dotnet\;C:\Program Files\nodejs\;C:\Program Files\GitHub CLI\;C:\Users\a875026\AppData\Local\Programs\Python\Python310\Scripts\;C:\Users\a875026\AppData\Local\Programs\Python\Python310\;C:\Users\a875026\AppData\Local\Programs\Python\Launcher\;C:\Users\a875026\AppData\Local\Microsoft\WindowsApps;C:\Users\a875026\AppData\Local\GitHubDesktop\bin;C:\Users\a875026\AppData\Local\Programs\Git\cmd;C:\Users\a875026\AppData\Local\atom\bin;C:\Program Files\Azure Data Studio\bin;C:\Users\a875026\.dotnet\tools;C:\Users\a875026\AppData\Roaming\npm
USERNAME=a875026
OS=Windows_NT
PROCESSOR_IDENTIFIER=Intel64 Family 6 Model 140 Stepping 1, GenuineIntel



---------------  S Y S T E M  ---------------

OS: Windows 10 , 64 bit Build 19041 (10.0.19041.1889)

CPU:total 8 (initial active 8) (4 cores per cpu, 2 threads per core) family 6 model 140 stepping 1, cmov, cx8, fxsr, mmx, sse, sse2, sse3, ssse3, sse4.1, sse4.2, popcnt, avx, avx2, aes, clmul, erms, 3dnowpref, lzcnt, ht, tsc, tscinvbit, bmi1, bmi2, adx

Memory: 4k page, physical 16419496k(332724k free), swap 47513380k(16548k free)

vm_info: Java HotSpot(TM) 64-Bit Server VM (25.341-b10) for windows-amd64 JRE (1.8.0_341-b10), built on Jun 16 2022 15:51:07 by "java_re" with MS VC++ 15.9 (VS2017)

time: Fri Aug 26 11:00:53 2022
timezone: Central Daylight Time (Mexico)
elapsed time: 24.589908 seconds (0d 0h 0m 24s)

